This is pdfTeX, Version 3.14159265-2.6-1.40.21 (TeX Live 2020) (preloaded format=pdflatex 2021.2.28)  10 AUG 2022 18:00
entering extended mode
 \write18 enabled.
 %&-line parsing enabled.
**main.tex
(./main.tex
LaTeX2e <2020-02-02> patch level 5
L3 programming layer <2020-03-06>
(/usr/local/texlive/2020/texmf-dist/tex/latex/beamer/beamer.cls
Document Class: beamer 2019/09/29 v3.57 A class for typesetting presentations
(/usr/local/texlive/2020/texmf-dist/tex/latex/beamer/beamerbasemodes.sty
(/usr/local/texlive/2020/texmf-dist/tex/latex/etoolbox/etoolbox.sty
Package: etoolbox 2019/09/21 v2.5h e-TeX tools for LaTeX (JAW)
\etb@tempcnta=\count167
)
\beamer@tempbox=\box45
\beamer@tempcount=\count168
\c@beamerpauses=\count169

(/usr/local/texlive/2020/texmf-dist/tex/latex/beamer/beamerbasedecode.sty
\beamer@slideinframe=\count170
\beamer@minimum=\count171
\beamer@decode@box=\box46
)
\beamer@commentbox=\box47
\beamer@modecount=\count172
)
(/usr/local/texlive/2020/texmf-dist/tex/generic/iftex/ifpdf.sty
Package: ifpdf 2019/10/25 v3.4 ifpdf legacy package. Use iftex instead.

(/usr/local/texlive/2020/texmf-dist/tex/generic/iftex/iftex.sty
Package: iftex 2020/03/06 v1.0d TeX engine tests
))
\headdp=\dimen134
\footheight=\dimen135
\sidebarheight=\dimen136
\beamer@tempdim=\dimen137
\beamer@finalheight=\dimen138
\beamer@animht=\dimen139
\beamer@animdp=\dimen140
\beamer@animwd=\dimen141
\beamer@leftmargin=\dimen142
\beamer@rightmargin=\dimen143
\beamer@leftsidebar=\dimen144
\beamer@rightsidebar=\dimen145
\beamer@boxsize=\dimen146
\beamer@vboxoffset=\dimen147
\beamer@descdefault=\dimen148
\beamer@descriptionwidth=\dimen149
\beamer@lastskip=\skip47
\beamer@areabox=\box48
\beamer@animcurrent=\box49
\beamer@animshowbox=\box50
\beamer@sectionbox=\box51
\beamer@logobox=\box52
\beamer@linebox=\box53
\beamer@sectioncount=\count173
\beamer@subsubsectionmax=\count174
\beamer@subsectionmax=\count175
\beamer@sectionmax=\count176
\beamer@totalheads=\count177
\beamer@headcounter=\count178
\beamer@partstartpage=\count179
\beamer@sectionstartpage=\count180
\beamer@subsectionstartpage=\count181
\beamer@animationtempa=\count182
\beamer@animationtempb=\count183
\beamer@xpos=\count184
\beamer@ypos=\count185
\beamer@ypos@offset=\count186
\beamer@showpartnumber=\count187
\beamer@currentsubsection=\count188
\beamer@coveringdepth=\count189
\beamer@sectionadjust=\count190
\beamer@tocsectionnumber=\count191

(/usr/local/texlive/2020/texmf-dist/tex/latex/beamer/beamerbaseoptions.sty
(/usr/local/texlive/2020/texmf-dist/tex/latex/graphics/keyval.sty
Package: keyval 2014/10/28 v1.15 key=value parser (DPC)
\KV@toks@=\toks15
))
\beamer@paperwidth=\skip48
\beamer@paperheight=\skip49

(/usr/local/texlive/2020/texmf-dist/tex/latex/geometry/geometry.sty
Package: geometry 2020/01/02 v5.9 Page Geometry

(/usr/local/texlive/2020/texmf-dist/tex/generic/iftex/ifvtex.sty
Package: ifvtex 2019/10/25 v1.7 ifvtex legacy package. Use iftex instead.
)
\Gm@cnth=\count192
\Gm@cntv=\count193
\c@Gm@tempcnt=\count194
\Gm@bindingoffset=\dimen150
\Gm@wd@mp=\dimen151
\Gm@odd@mp=\dimen152
\Gm@even@mp=\dimen153
\Gm@layoutwidth=\dimen154
\Gm@layoutheight=\dimen155
\Gm@layouthoffset=\dimen156
\Gm@layoutvoffset=\dimen157
\Gm@dimlist=\toks16
)
(/usr/local/texlive/2020/texmf-dist/tex/latex/base/size11.clo
File: size11.clo 2019/12/20 v1.4l Standard LaTeX file (size option)
)
(/usr/local/texlive/2020/texmf-dist/tex/latex/pgf/basiclayer/pgfcore.sty
(/usr/local/texlive/2020/texmf-dist/tex/latex/graphics/graphicx.sty
Package: graphicx 2019/11/30 v1.2a Enhanced LaTeX Graphics (DPC,SPQR)

(/usr/local/texlive/2020/texmf-dist/tex/latex/graphics/graphics.sty
Package: graphics 2019/11/30 v1.4a Standard LaTeX Graphics (DPC,SPQR)

(/usr/local/texlive/2020/texmf-dist/tex/latex/graphics/trig.sty
Package: trig 2016/01/03 v1.10 sin cos tan (DPC)
)
(/usr/local/texlive/2020/texmf-dist/tex/latex/graphics-cfg/graphics.cfg
File: graphics.cfg 2016/06/04 v1.11 sample graphics configuration
)
Package graphics Info: Driver file: pdftex.def on input line 105.

(/usr/local/texlive/2020/texmf-dist/tex/latex/graphics-def/pdftex.def
File: pdftex.def 2018/01/08 v1.0l Graphics/color driver for pdftex
))
\Gin@req@height=\dimen158
\Gin@req@width=\dimen159
)
(/usr/local/texlive/2020/texmf-dist/tex/latex/pgf/systemlayer/pgfsys.sty
(/usr/local/texlive/2020/texmf-dist/tex/latex/pgf/utilities/pgfrcs.sty
(/usr/local/texlive/2020/texmf-dist/tex/generic/pgf/utilities/pgfutil-common.te
x
\pgfutil@everybye=\toks17
\pgfutil@tempdima=\dimen160
\pgfutil@tempdimb=\dimen161

(/usr/local/texlive/2020/texmf-dist/tex/generic/pgf/utilities/pgfutil-common-li
sts.tex))
(/usr/local/texlive/2020/texmf-dist/tex/generic/pgf/utilities/pgfutil-latex.def
\pgfutil@abb=\box54
(/usr/local/texlive/2020/texmf-dist/tex/latex/ms/everyshi.sty
Package: everyshi 2001/05/15 v3.00 EveryShipout Package (MS)
))
(/usr/local/texlive/2020/texmf-dist/tex/generic/pgf/utilities/pgfrcs.code.tex
(/usr/local/texlive/2020/texmf-dist/tex/generic/pgf/pgf.revision.tex)
Package: pgfrcs 2020/01/08 v3.1.5b (3.1.5b)
))
(/usr/local/texlive/2020/texmf-dist/tex/generic/pgf/systemlayer/pgfsys.code.tex
Package: pgfsys 2020/01/08 v3.1.5b (3.1.5b)
(/usr/local/texlive/2020/texmf-dist/tex/generic/pgf/utilities/pgfkeys.code.tex
\pgfkeys@pathtoks=\toks18
\pgfkeys@temptoks=\toks19

(/usr/local/texlive/2020/texmf-dist/tex/generic/pgf/utilities/pgfkeysfiltered.c
ode.tex
\pgfkeys@tmptoks=\toks20
))
\pgf@x=\dimen162
\pgf@y=\dimen163
\pgf@xa=\dimen164
\pgf@ya=\dimen165
\pgf@xb=\dimen166
\pgf@yb=\dimen167
\pgf@xc=\dimen168
\pgf@yc=\dimen169
\pgf@xd=\dimen170
\pgf@yd=\dimen171
\w@pgf@writea=\write3
\r@pgf@reada=\read2
\c@pgf@counta=\count195
\c@pgf@countb=\count196
\c@pgf@countc=\count197
\c@pgf@countd=\count198
\t@pgf@toka=\toks21
\t@pgf@tokb=\toks22
\t@pgf@tokc=\toks23
\pgf@sys@id@count=\count199

(/usr/local/texlive/2020/texmf-dist/tex/generic/pgf/systemlayer/pgf.cfg
File: pgf.cfg 2020/01/08 v3.1.5b (3.1.5b)
)
Driver file for pgf: pgfsys-pdftex.def

(/usr/local/texlive/2020/texmf-dist/tex/generic/pgf/systemlayer/pgfsys-pdftex.d
ef
File: pgfsys-pdftex.def 2020/01/08 v3.1.5b (3.1.5b)

(/usr/local/texlive/2020/texmf-dist/tex/generic/pgf/systemlayer/pgfsys-common-p
df.def
File: pgfsys-common-pdf.def 2020/01/08 v3.1.5b (3.1.5b)
)))
(/usr/local/texlive/2020/texmf-dist/tex/generic/pgf/systemlayer/pgfsyssoftpath.
code.tex
File: pgfsyssoftpath.code.tex 2020/01/08 v3.1.5b (3.1.5b)
\pgfsyssoftpath@smallbuffer@items=\count266
\pgfsyssoftpath@bigbuffer@items=\count267
)
(/usr/local/texlive/2020/texmf-dist/tex/generic/pgf/systemlayer/pgfsysprotocol.
code.tex
File: pgfsysprotocol.code.tex 2020/01/08 v3.1.5b (3.1.5b)
)) (/usr/local/texlive/2020/texmf-dist/tex/latex/xcolor/xcolor.sty
Package: xcolor 2016/05/11 v2.12 LaTeX color extensions (UK)

(/usr/local/texlive/2020/texmf-dist/tex/latex/graphics-cfg/color.cfg
File: color.cfg 2016/01/02 v1.6 sample color configuration
)
Package xcolor Info: Driver file: pdftex.def on input line 225.
Package xcolor Info: Model `cmy' substituted by `cmy0' on input line 1348.
Package xcolor Info: Model `hsb' substituted by `rgb' on input line 1352.
Package xcolor Info: Model `RGB' extended on input line 1364.
Package xcolor Info: Model `HTML' substituted by `rgb' on input line 1366.
Package xcolor Info: Model `Hsb' substituted by `hsb' on input line 1367.
Package xcolor Info: Model `tHsb' substituted by `hsb' on input line 1368.
Package xcolor Info: Model `HSB' substituted by `hsb' on input line 1369.
Package xcolor Info: Model `Gray' substituted by `gray' on input line 1370.
Package xcolor Info: Model `wave' substituted by `hsb' on input line 1371.
)
(/usr/local/texlive/2020/texmf-dist/tex/generic/pgf/basiclayer/pgfcore.code.tex
Package: pgfcore 2020/01/08 v3.1.5b (3.1.5b)
(/usr/local/texlive/2020/texmf-dist/tex/generic/pgf/math/pgfmath.code.tex
(/usr/local/texlive/2020/texmf-dist/tex/generic/pgf/math/pgfmathcalc.code.tex
(/usr/local/texlive/2020/texmf-dist/tex/generic/pgf/math/pgfmathutil.code.tex)
(/usr/local/texlive/2020/texmf-dist/tex/generic/pgf/math/pgfmathparser.code.tex
\pgfmath@dimen=\dimen172
\pgfmath@count=\count268
\pgfmath@box=\box55
\pgfmath@toks=\toks24
\pgfmath@stack@operand=\toks25
\pgfmath@stack@operation=\toks26
)
(/usr/local/texlive/2020/texmf-dist/tex/generic/pgf/math/pgfmathfunctions.code.
tex
(/usr/local/texlive/2020/texmf-dist/tex/generic/pgf/math/pgfmathfunctions.basic
.code.tex)
(/usr/local/texlive/2020/texmf-dist/tex/generic/pgf/math/pgfmathfunctions.trigo
nometric.code.tex)
(/usr/local/texlive/2020/texmf-dist/tex/generic/pgf/math/pgfmathfunctions.rando
m.code.tex)
(/usr/local/texlive/2020/texmf-dist/tex/generic/pgf/math/pgfmathfunctions.compa
rison.code.tex)
(/usr/local/texlive/2020/texmf-dist/tex/generic/pgf/math/pgfmathfunctions.base.
code.tex)
(/usr/local/texlive/2020/texmf-dist/tex/generic/pgf/math/pgfmathfunctions.round
.code.tex)
(/usr/local/texlive/2020/texmf-dist/tex/generic/pgf/math/pgfmathfunctions.misc.
code.tex)
(/usr/local/texlive/2020/texmf-dist/tex/generic/pgf/math/pgfmathfunctions.integ
erarithmetics.code.tex)))
(/usr/local/texlive/2020/texmf-dist/tex/generic/pgf/math/pgfmathfloat.code.tex
\c@pgfmathroundto@lastzeros=\count269
)) (/usr/local/texlive/2020/texmf-dist/tex/generic/pgf/math/pgfint.code.tex)
(/usr/local/texlive/2020/texmf-dist/tex/generic/pgf/basiclayer/pgfcorepoints.co
de.tex
File: pgfcorepoints.code.tex 2020/01/08 v3.1.5b (3.1.5b)
\pgf@picminx=\dimen173
\pgf@picmaxx=\dimen174
\pgf@picminy=\dimen175
\pgf@picmaxy=\dimen176
\pgf@pathminx=\dimen177
\pgf@pathmaxx=\dimen178
\pgf@pathminy=\dimen179
\pgf@pathmaxy=\dimen180
\pgf@xx=\dimen181
\pgf@xy=\dimen182
\pgf@yx=\dimen183
\pgf@yy=\dimen184
\pgf@zx=\dimen185
\pgf@zy=\dimen186
)
(/usr/local/texlive/2020/texmf-dist/tex/generic/pgf/basiclayer/pgfcorepathconst
ruct.code.tex
File: pgfcorepathconstruct.code.tex 2020/01/08 v3.1.5b (3.1.5b)
\pgf@path@lastx=\dimen187
\pgf@path@lasty=\dimen188
)
(/usr/local/texlive/2020/texmf-dist/tex/generic/pgf/basiclayer/pgfcorepathusage
.code.tex
File: pgfcorepathusage.code.tex 2020/01/08 v3.1.5b (3.1.5b)
\pgf@shorten@end@additional=\dimen189
\pgf@shorten@start@additional=\dimen190
)
(/usr/local/texlive/2020/texmf-dist/tex/generic/pgf/basiclayer/pgfcorescopes.co
de.tex
File: pgfcorescopes.code.tex 2020/01/08 v3.1.5b (3.1.5b)
\pgfpic=\box56
\pgf@hbox=\box57
\pgf@layerbox@main=\box58
\pgf@picture@serial@count=\count270
)
(/usr/local/texlive/2020/texmf-dist/tex/generic/pgf/basiclayer/pgfcoregraphicst
ate.code.tex
File: pgfcoregraphicstate.code.tex 2020/01/08 v3.1.5b (3.1.5b)
\pgflinewidth=\dimen191
)
(/usr/local/texlive/2020/texmf-dist/tex/generic/pgf/basiclayer/pgfcoretransform
ations.code.tex
File: pgfcoretransformations.code.tex 2020/01/08 v3.1.5b (3.1.5b)
\pgf@pt@x=\dimen192
\pgf@pt@y=\dimen193
\pgf@pt@temp=\dimen194
)
(/usr/local/texlive/2020/texmf-dist/tex/generic/pgf/basiclayer/pgfcorequick.cod
e.tex
File: pgfcorequick.code.tex 2020/01/08 v3.1.5b (3.1.5b)
)
(/usr/local/texlive/2020/texmf-dist/tex/generic/pgf/basiclayer/pgfcoreobjects.c
ode.tex
File: pgfcoreobjects.code.tex 2020/01/08 v3.1.5b (3.1.5b)
)
(/usr/local/texlive/2020/texmf-dist/tex/generic/pgf/basiclayer/pgfcorepathproce
ssing.code.tex
File: pgfcorepathprocessing.code.tex 2020/01/08 v3.1.5b (3.1.5b)
)
(/usr/local/texlive/2020/texmf-dist/tex/generic/pgf/basiclayer/pgfcorearrows.co
de.tex
File: pgfcorearrows.code.tex 2020/01/08 v3.1.5b (3.1.5b)
\pgfarrowsep=\dimen195
)
(/usr/local/texlive/2020/texmf-dist/tex/generic/pgf/basiclayer/pgfcoreshade.cod
e.tex
File: pgfcoreshade.code.tex 2020/01/08 v3.1.5b (3.1.5b)
\pgf@max=\dimen196
\pgf@sys@shading@range@num=\count271
\pgf@shadingcount=\count272
)
(/usr/local/texlive/2020/texmf-dist/tex/generic/pgf/basiclayer/pgfcoreimage.cod
e.tex
File: pgfcoreimage.code.tex 2020/01/08 v3.1.5b (3.1.5b)

(/usr/local/texlive/2020/texmf-dist/tex/generic/pgf/basiclayer/pgfcoreexternal.
code.tex
File: pgfcoreexternal.code.tex 2020/01/08 v3.1.5b (3.1.5b)
\pgfexternal@startupbox=\box59
))
(/usr/local/texlive/2020/texmf-dist/tex/generic/pgf/basiclayer/pgfcorelayers.co
de.tex
File: pgfcorelayers.code.tex 2020/01/08 v3.1.5b (3.1.5b)
)
(/usr/local/texlive/2020/texmf-dist/tex/generic/pgf/basiclayer/pgfcoretranspare
ncy.code.tex
File: pgfcoretransparency.code.tex 2020/01/08 v3.1.5b (3.1.5b)
)
(/usr/local/texlive/2020/texmf-dist/tex/generic/pgf/basiclayer/pgfcorepatterns.
code.tex
File: pgfcorepatterns.code.tex 2020/01/08 v3.1.5b (3.1.5b)
)
(/usr/local/texlive/2020/texmf-dist/tex/generic/pgf/basiclayer/pgfcorerdf.code.
tex
File: pgfcorerdf.code.tex 2020/01/08 v3.1.5b (3.1.5b)
))) (/usr/local/texlive/2020/texmf-dist/tex/latex/pgf/utilities/xxcolor.sty
Package: xxcolor 2003/10/24 ver 0.1
\XC@nummixins=\count273
\XC@countmixins=\count274
) (/usr/local/texlive/2020/texmf-dist/tex/generic/atbegshi/atbegshi.sty
Package: atbegshi 2019/12/05 v1.19 At begin shipout hook (HO)

(/usr/local/texlive/2020/texmf-dist/tex/generic/infwarerr/infwarerr.sty
Package: infwarerr 2019/12/03 v1.5 Providing info/warning/error messages (HO)
)
(/usr/local/texlive/2020/texmf-dist/tex/generic/ltxcmds/ltxcmds.sty
Package: ltxcmds 2019/12/15 v1.24 LaTeX kernel commands for general use (HO)
))
(/usr/local/texlive/2020/texmf-dist/tex/latex/hyperref/hyperref.sty
Package: hyperref 2020/01/14 v7.00d Hypertext links for LaTeX

(/usr/local/texlive/2020/texmf-dist/tex/latex/pdftexcmds/pdftexcmds.sty
Package: pdftexcmds 2019/11/24 v0.31 Utility functions of pdfTeX for LuaTeX (HO
)
Package pdftexcmds Info: \pdf@primitive is available.
Package pdftexcmds Info: \pdf@ifprimitive is available.
Package pdftexcmds Info: \pdfdraftmode found.
)
(/usr/local/texlive/2020/texmf-dist/tex/generic/kvsetkeys/kvsetkeys.sty
Package: kvsetkeys 2019/12/15 v1.18 Key value parser (HO)
)
(/usr/local/texlive/2020/texmf-dist/tex/generic/kvdefinekeys/kvdefinekeys.sty
Package: kvdefinekeys 2019-12-19 v1.6 Define keys (HO)
)
(/usr/local/texlive/2020/texmf-dist/tex/generic/pdfescape/pdfescape.sty
Package: pdfescape 2019/12/09 v1.15 Implements pdfTeX's escape features (HO)
)
(/usr/local/texlive/2020/texmf-dist/tex/latex/hycolor/hycolor.sty
Package: hycolor 2020-01-27 v1.10 Color options for hyperref/bookmark (HO)
)
(/usr/local/texlive/2020/texmf-dist/tex/latex/letltxmacro/letltxmacro.sty
Package: letltxmacro 2019/12/03 v1.6 Let assignment for LaTeX macros (HO)
)
(/usr/local/texlive/2020/texmf-dist/tex/latex/auxhook/auxhook.sty
Package: auxhook 2019-12-17 v1.6 Hooks for auxiliary files (HO)
)
(/usr/local/texlive/2020/texmf-dist/tex/latex/kvoptions/kvoptions.sty
Package: kvoptions 2019/11/29 v3.13 Key value format for package options (HO)
)
\@linkdim=\dimen197
\Hy@linkcounter=\count275
\Hy@pagecounter=\count276

(/usr/local/texlive/2020/texmf-dist/tex/latex/hyperref/pd1enc.def
File: pd1enc.def 2020/01/14 v7.00d Hyperref: PDFDocEncoding definition (HO)
Now handling font encoding PD1 ...
... no UTF-8 mapping file for font encoding PD1
)
(/usr/local/texlive/2020/texmf-dist/tex/generic/intcalc/intcalc.sty
Package: intcalc 2019/12/15 v1.3 Expandable calculations with integers (HO)
)
(/usr/local/texlive/2020/texmf-dist/tex/generic/etexcmds/etexcmds.sty
Package: etexcmds 2019/12/15 v1.7 Avoid name clashes with e-TeX commands (HO)
)
\Hy@SavedSpaceFactor=\count277
Package hyperref Info: Option `bookmarks' set `true' on input line 4421.
Package hyperref Info: Option `bookmarksopen' set `true' on input line 4421.
Package hyperref Info: Option `implicit' set `false' on input line 4421.
Package hyperref Info: Hyper figures OFF on input line 4547.
Package hyperref Info: Link nesting OFF on input line 4552.
Package hyperref Info: Hyper index ON on input line 4555.
Package hyperref Info: Plain pages OFF on input line 4562.
Package hyperref Info: Backreferencing OFF on input line 4567.
Package hyperref Info: Implicit mode OFF; no redefinition of LaTeX internals.
Package hyperref Info: Bookmarks ON on input line 4800.
\c@Hy@tempcnt=\count278

(/usr/local/texlive/2020/texmf-dist/tex/latex/url/url.sty
\Urlmuskip=\muskip16
Package: url 2013/09/16  ver 3.4  Verb mode for urls, etc.
)
LaTeX Info: Redefining \url on input line 5159.
\XeTeXLinkMargin=\dimen198

(/usr/local/texlive/2020/texmf-dist/tex/generic/bitset/bitset.sty
Package: bitset 2019/12/09 v1.3 Handle bit-vector datatype (HO)

(/usr/local/texlive/2020/texmf-dist/tex/generic/bigintcalc/bigintcalc.sty
Package: bigintcalc 2019/12/15 v1.5 Expandable calculations on big integers (HO
)
))
\Fld@menulength=\count279
\Field@Width=\dimen199
\Fld@charsize=\dimen256
Package hyperref Info: Hyper figures OFF on input line 6430.
Package hyperref Info: Link nesting OFF on input line 6435.
Package hyperref Info: Hyper index ON on input line 6438.
Package hyperref Info: backreferencing OFF on input line 6445.
Package hyperref Info: Link coloring OFF on input line 6450.
Package hyperref Info: Link coloring with OCG OFF on input line 6455.
Package hyperref Info: PDF/A mode OFF on input line 6460.
LaTeX Info: Redefining \ref on input line 6500.
LaTeX Info: Redefining \pageref on input line 6504.
\Hy@abspage=\count280


Package hyperref Message: Stopped early.

)
Package hyperref Info: Driver (autodetected): hpdftex.
 (/usr/local/texlive/2020/texmf-dist/tex/latex/hyperref/hpdftex.def
File: hpdftex.def 2020/01/14 v7.00d Hyperref driver for pdfTeX

(/usr/local/texlive/2020/texmf-dist/tex/latex/atveryend/atveryend.sty
Package: atveryend 2019-12-11 v1.11 Hooks at the very end of document (HO)
)
\Fld@listcount=\count281
\c@bookmark@seq@number=\count282

(/usr/local/texlive/2020/texmf-dist/tex/latex/rerunfilecheck/rerunfilecheck.sty
Package: rerunfilecheck 2019/12/05 v1.9 Rerun checks for auxiliary files (HO)

(/usr/local/texlive/2020/texmf-dist/tex/generic/uniquecounter/uniquecounter.sty
Package: uniquecounter 2019/12/15 v1.4 Provide unlimited unique counter (HO)
)
Package uniquecounter Info: New unique counter `rerunfilecheck' on input line 2
86.
)) (/usr/local/texlive/2020/texmf-dist/tex/latex/beamer/beamerbaserequires.sty
(/usr/local/texlive/2020/texmf-dist/tex/latex/beamer/beamerbasecompatibility.st
y) (/usr/local/texlive/2020/texmf-dist/tex/latex/beamer/beamerbasefont.sty
(/usr/local/texlive/2020/texmf-dist/tex/latex/amsfonts/amssymb.sty
Package: amssymb 2013/01/14 v3.01 AMS font symbols

(/usr/local/texlive/2020/texmf-dist/tex/latex/amsfonts/amsfonts.sty
Package: amsfonts 2013/01/14 v3.01 Basic AMSFonts support
\@emptytoks=\toks27
\symAMSa=\mathgroup4
\symAMSb=\mathgroup5
LaTeX Font Info:    Redeclaring math symbol \hbar on input line 98.
LaTeX Font Info:    Overwriting math alphabet `\mathfrak' in version `bold'
(Font)                  U/euf/m/n --> U/euf/b/n on input line 106.
))
(/usr/local/texlive/2020/texmf-dist/tex/latex/sansmathaccent/sansmathaccent.sty
Package: sansmathaccent 2020/01/31
(/usr/local/texlive/2020/texmf-dist/tex/latex/koma-script/scrlfile.sty
Package: scrlfile 2020/01/24 v3.29 KOMA-Script package (loading files)
)))
(/usr/local/texlive/2020/texmf-dist/tex/latex/beamer/beamerbasetranslator.sty
(/usr/local/texlive/2020/texmf-dist/tex/latex/translator/translator.sty
Package: translator 2019-05-31 v1.12a Easy translation of strings in LaTeX
))
(/usr/local/texlive/2020/texmf-dist/tex/latex/beamer/beamerbasemisc.sty)
(/usr/local/texlive/2020/texmf-dist/tex/latex/beamer/beamerbasetwoscreens.sty)
(/usr/local/texlive/2020/texmf-dist/tex/latex/beamer/beamerbaseoverlay.sty
\beamer@argscount=\count283
\beamer@lastskipcover=\skip50
\beamer@trivlistdepth=\count284
)
(/usr/local/texlive/2020/texmf-dist/tex/latex/beamer/beamerbasetitle.sty)
(/usr/local/texlive/2020/texmf-dist/tex/latex/beamer/beamerbasesection.sty
\c@lecture=\count285
\c@part=\count286
\c@section=\count287
\c@subsection=\count288
\c@subsubsection=\count289
)
(/usr/local/texlive/2020/texmf-dist/tex/latex/beamer/beamerbaseframe.sty
\beamer@framebox=\box60
\beamer@frametitlebox=\box61
\beamer@zoombox=\box62
\beamer@zoomcount=\count290
\beamer@zoomframecount=\count291
\beamer@frametextheight=\dimen257
\c@subsectionslide=\count292
\beamer@frametopskip=\skip51
\beamer@framebottomskip=\skip52
\beamer@frametopskipautobreak=\skip53
\beamer@framebottomskipautobreak=\skip54
\beamer@envbody=\toks28
\framewidth=\dimen258
\c@framenumber=\count293
)
(/usr/local/texlive/2020/texmf-dist/tex/latex/beamer/beamerbaseverbatim.sty
\beamer@verbatimfileout=\write4
)
(/usr/local/texlive/2020/texmf-dist/tex/latex/beamer/beamerbaseframesize.sty
\beamer@splitbox=\box63
\beamer@autobreakcount=\count294
\beamer@autobreaklastheight=\dimen259
\beamer@frametitletoks=\toks29
\beamer@framesubtitletoks=\toks30
)
(/usr/local/texlive/2020/texmf-dist/tex/latex/beamer/beamerbaseframecomponents.
sty
\beamer@footins=\box64
) (/usr/local/texlive/2020/texmf-dist/tex/latex/beamer/beamerbasecolor.sty)
(/usr/local/texlive/2020/texmf-dist/tex/latex/beamer/beamerbasenotes.sty
\beamer@frameboxcopy=\box65
)
(/usr/local/texlive/2020/texmf-dist/tex/latex/beamer/beamerbasetoc.sty)
(/usr/local/texlive/2020/texmf-dist/tex/latex/beamer/beamerbasetemplates.sty
\beamer@sbttoks=\toks31

(/usr/local/texlive/2020/texmf-dist/tex/latex/beamer/beamerbaseauxtemplates.sty
(/usr/local/texlive/2020/texmf-dist/tex/latex/beamer/beamerbaseboxes.sty
\bmb@box=\box66
\bmb@colorbox=\box67
\bmb@boxshadow=\box68
\bmb@boxshadowball=\box69
\bmb@boxshadowballlarge=\box70
\bmb@temp=\dimen260
\bmb@dima=\dimen261
\bmb@dimb=\dimen262
\bmb@prevheight=\dimen263
)
\beamer@blockheadheight=\dimen264
))
(/usr/local/texlive/2020/texmf-dist/tex/latex/beamer/beamerbaselocalstructure.s
ty (/usr/local/texlive/2020/texmf-dist/tex/latex/tools/enumerate.sty
Package: enumerate 2015/07/23 v3.00 enumerate extensions (DPC)
\@enLab=\toks32
)
\c@figure=\count295
\c@table=\count296
\abovecaptionskip=\skip55
\belowcaptionskip=\skip56
)
(/usr/local/texlive/2020/texmf-dist/tex/latex/beamer/beamerbasenavigation.sty
\beamer@section@min@dim=\dimen265
)
(/usr/local/texlive/2020/texmf-dist/tex/latex/beamer/beamerbasetheorems.sty
(/usr/local/texlive/2020/texmf-dist/tex/latex/amsmath/amsmath.sty
Package: amsmath 2020/01/20 v2.17e AMS math features
\@mathmargin=\skip57

For additional information on amsmath, use the `?' option.
(/usr/local/texlive/2020/texmf-dist/tex/latex/amsmath/amstext.sty
Package: amstext 2000/06/29 v2.01 AMS text

(/usr/local/texlive/2020/texmf-dist/tex/latex/amsmath/amsgen.sty
File: amsgen.sty 1999/11/30 v2.0 generic functions
\@emptytoks=\toks33
\ex@=\dimen266
))
(/usr/local/texlive/2020/texmf-dist/tex/latex/amsmath/amsbsy.sty
Package: amsbsy 1999/11/29 v1.2d Bold Symbols
\pmbraise@=\dimen267
)
(/usr/local/texlive/2020/texmf-dist/tex/latex/amsmath/amsopn.sty
Package: amsopn 2016/03/08 v2.02 operator names
)
\inf@bad=\count297
LaTeX Info: Redefining \frac on input line 227.
\uproot@=\count298
\leftroot@=\count299
LaTeX Info: Redefining \overline on input line 389.
\classnum@=\count300
\DOTSCASE@=\count301
LaTeX Info: Redefining \ldots on input line 486.
LaTeX Info: Redefining \dots on input line 489.
LaTeX Info: Redefining \cdots on input line 610.
\Mathstrutbox@=\box71
\strutbox@=\box72
\big@size=\dimen268
LaTeX Font Info:    Redeclaring font encoding OML on input line 733.
LaTeX Font Info:    Redeclaring font encoding OMS on input line 734.
\macc@depth=\count302
\c@MaxMatrixCols=\count303
\dotsspace@=\muskip17
\c@parentequation=\count304
\dspbrk@lvl=\count305
\tag@help=\toks34
\row@=\count306
\column@=\count307
\maxfields@=\count308
\andhelp@=\toks35
\eqnshift@=\dimen269
\alignsep@=\dimen270
\tagshift@=\dimen271
\tagwidth@=\dimen272
\totwidth@=\dimen273
\lineht@=\dimen274
\@envbody=\toks36
\multlinegap=\skip58
\multlinetaggap=\skip59
\mathdisplay@stack=\toks37
LaTeX Info: Redefining \[ on input line 2859.
LaTeX Info: Redefining \] on input line 2860.
)
(/usr/local/texlive/2020/texmf-dist/tex/latex/amscls/amsthm.sty
Package: amsthm 2017/10/31 v2.20.4
\thm@style=\toks38
\thm@bodyfont=\toks39
\thm@headfont=\toks40
\thm@notefont=\toks41
\thm@headpunct=\toks42
\thm@preskip=\skip60
\thm@postskip=\skip61
\thm@headsep=\skip62
\dth@everypar=\toks43
)
\c@theorem=\count309
)
(/usr/local/texlive/2020/texmf-dist/tex/latex/beamer/beamerbasethemes.sty))
(/usr/local/texlive/2020/texmf-dist/tex/latex/beamer/beamerthemedefault.sty
(/usr/local/texlive/2020/texmf-dist/tex/latex/beamer/beamerfontthemedefault.sty
)
(/usr/local/texlive/2020/texmf-dist/tex/latex/beamer/beamercolorthemedefault.st
y)
(/usr/local/texlive/2020/texmf-dist/tex/latex/beamer/beamerinnerthemedefault.st
y
\beamer@dima=\dimen275
\beamer@dimb=\dimen276
)
(/usr/local/texlive/2020/texmf-dist/tex/latex/beamer/beamerouterthemedefault.st
y))) (/usr/local/texlive/2020/texmf-dist/tex/latex/base/inputenc.sty
Package: inputenc 2018/08/11 v1.3c Input encoding file
\inpenc@prehook=\toks44
\inpenc@posthook=\toks45
)
(/usr/local/texlive/2020/texmf-dist/tex/latex/algorithms/algorithm.sty
Package: algorithm 2009/08/24 v0.1 Document Style `algorithm' - floating enviro
nment

(/usr/local/texlive/2020/texmf-dist/tex/latex/float/float.sty
Package: float 2001/11/08 v1.3d Float enhancements (AL)
\c@float@type=\count310
\float@exts=\toks46
\float@box=\box73
\@float@everytoks=\toks47
\@floatcapt=\box74
)
(/usr/local/texlive/2020/texmf-dist/tex/latex/base/ifthen.sty
Package: ifthen 2014/09/29 v1.1c Standard LaTeX ifthen package (DPC)
)
\@float@every@algorithm=\toks48
\c@algorithm=\count311
)
(/usr/local/texlive/2020/texmf-dist/tex/latex/algorithmicx/algpseudocode.sty
Package: algpseudocode 

(/usr/local/texlive/2020/texmf-dist/tex/latex/algorithmicx/algorithmicx.sty
Package: algorithmicx 2005/04/27 v1.2 Algorithmicx

Document Style algorithmicx 1.2 - a greatly improved `algorithmic' style
\c@ALG@line=\count312
\c@ALG@rem=\count313
\c@ALG@nested=\count314
\ALG@tlm=\skip63
\ALG@thistlm=\skip64
\c@ALG@Lnr=\count315
\c@ALG@blocknr=\count316
\c@ALG@storecount=\count317
\c@ALG@tmpcounter=\count318
\ALG@tmplength=\skip65
)
Document Style - pseudocode environments for use with the `algorithmicx' style
) (/usr/local/texlive/2020/texmf-dist/tex/generic/babel/babel.sty
Package: babel 2020/03/22 3.42 The Babel package

(/usr/local/texlive/2020/texmf-dist/tex/generic/babel/switch.def
File: switch.def 2020/03/22 3.42 Babel switching mechanism
)
(/usr/local/texlive/2020/texmf-dist/tex/generic/babel-spanish/spanish.ldf
Language: spanish.ldf 2016/03/03 v5.0p Spanish support from the babel system

(/usr/local/texlive/2020/texmf-dist/tex/generic/babel/babel.def
File: babel.def 2020/03/22 3.42 Babel common definitions
\babel@savecnt=\count319
\U@D=\dimen277

(/usr/local/texlive/2020/texmf-dist/tex/generic/babel/txtbabel.def)
\bbl@readstream=\read3
LaTeX Info: Redefining \textlatin on input line 2435.
\bbl@dirlevel=\count320
)
\es@quottoks=\toks49
\es@quotdepth=\count321
Package babel Info: Making " an active character on input line 561.
Package babel Info: Making . an active character on input line 662.
Package babel Info: Making < an active character on input line 707.
Package babel Info: Making > an active character on input line 707.
))
(/usr/local/texlive/2020/texmf-dist/tex/latex/enumitem/enumitem.sty
Package: enumitem 2019/06/20 v3.9 Customized lists
\labelindent=\skip66
\enit@outerparindent=\dimen278
\enit@toks=\toks50
\enit@inbox=\box75
\enit@count@id=\count322
\enitdp@description=\count323
)
(/usr/local/texlive/2020/texmf-dist/tex/latex/listings/listings.sty
\lst@mode=\count324
\lst@gtempboxa=\box76
\lst@token=\toks51
\lst@length=\count325
\lst@currlwidth=\dimen279
\lst@column=\count326
\lst@pos=\count327
\lst@lostspace=\dimen280
\lst@width=\dimen281
\lst@newlines=\count328
\lst@lineno=\count329
\lst@maxwidth=\dimen282

(/usr/local/texlive/2020/texmf-dist/tex/latex/listings/lstmisc.sty
File: lstmisc.sty 2020/03/24 1.8d (Carsten Heinz)
\c@lstnumber=\count330
\lst@skipnumbers=\count331
\lst@framebox=\box77
)
(/usr/local/texlive/2020/texmf-dist/tex/latex/listings/listings.cfg
File: listings.cfg 2020/03/24 1.8d listings configuration
))
Package: listings 2020/03/24 1.8d (Carsten Heinz)

(/usr/local/texlive/2020/texmf-dist/tex/latex/minted/minted.sty
Package: minted 2017/07/19 v2.5 Yet another Pygments shim for LaTeX

(/usr/local/texlive/2020/texmf-dist/tex/latex/fvextra/fvextra.sty
Package: fvextra 2019/02/04 v1.4 fvextra - extensions and patches for fancyvrb

(/usr/local/texlive/2020/texmf-dist/tex/latex/fancyvrb/fancyvrb.sty
Package: fancyvrb 2020/01/13 v3.5 verbatim text (tvz,hv)
\FV@CodeLineNo=\count332
\FV@InFile=\read4
\FV@TabBox=\box78
\c@FancyVerbLine=\count333
\FV@StepNumber=\count334
\FV@OutFile=\write5
)
(/usr/local/texlive/2020/texmf-dist/tex/latex/upquote/upquote.sty
Package: upquote 2012/04/19 v1.3 upright-quote and grave-accent glyphs in verba
tim
)
(/usr/local/texlive/2020/texmf-dist/tex/latex/lineno/lineno.sty
Package: lineno 2005/11/02 line numbers on paragraphs v4.41
\linenopenalty=\count335
\output=\toks52
\linenoprevgraf=\count336
\linenumbersep=\dimen283
\linenumberwidth=\dimen284
\c@linenumber=\count337
\c@pagewiselinenumber=\count338
\c@LN@truepage=\count339
\c@internallinenumber=\count340
\c@internallinenumbers=\count341
\quotelinenumbersep=\dimen285
\bframerule=\dimen286
\bframesep=\dimen287
\bframebox=\box79
LaTeX Info: Redefining \\ on input line 3056.
)
\c@FV@TrueTabGroupLevel=\count342
\c@FV@TrueTabCounter=\count343
\FV@TabBox@Group=\box80
\FV@TmpLength=\skip67
\c@FV@HighlightLinesStart=\count344
\c@FV@HighlightLinesStop=\count345
\FV@LoopCount=\count346
\FV@NCharsBox=\box81
\FV@BreakIndent=\dimen288
\FV@BreakIndentNChars=\count347
\FV@BreakSymbolSepLeft=\dimen289
\FV@BreakSymbolSepLeftNChars=\count348
\FV@BreakSymbolSepRight=\dimen290
\FV@BreakSymbolSepRightNChars=\count349
\FV@BreakSymbolIndentLeft=\dimen291
\FV@BreakSymbolIndentLeftNChars=\count350
\FV@BreakSymbolIndentRight=\dimen292
\FV@BreakSymbolIndentRightNChars=\count351
\c@FancyVerbLineBreakLast=\count352
\FV@LineBox=\box82
\FV@LineIndentBox=\box83
\FV@LineWidth=\dimen293
)
(/usr/local/texlive/2020/texmf-dist/tex/latex/tools/calc.sty
Package: calc 2017/05/25 v4.3 Infix arithmetic (KKT,FJ)
\calc@Acount=\count353
\calc@Bcount=\count354
\calc@Adimen=\dimen294
\calc@Bdimen=\dimen295
\calc@Askip=\skip68
\calc@Bskip=\skip69
LaTeX Info: Redefining \setlength on input line 80.
LaTeX Info: Redefining \addtolength on input line 81.
\calc@Ccount=\count355
\calc@Cskip=\skip70
)
(/usr/local/texlive/2020/texmf-dist/tex/latex/tools/shellesc.sty
Package: shellesc 2019/11/08 v1.0c unified shell escape interface for LaTeX
Package shellesc Info: Unrestricted shell escape enabled on input line 75.
)
(/usr/local/texlive/2020/texmf-dist/tex/latex/ifplatform/ifplatform.sty
Package: ifplatform 2017/10/13 v0.4a Testing for the operating system

(/usr/local/texlive/2020/texmf-dist/tex/generic/catchfile/catchfile.sty
Package: catchfile 2019/12/09 v1.8 Catch the contents of a file (HO)
)
(/usr/local/texlive/2020/texmf-dist/tex/generic/iftex/ifluatex.sty
Package: ifluatex 2019/10/25 v1.5 ifluatex legacy package. Use iftex instead.
)
runsystem(uname -s > "main.w18")...executed.

 (./main.w18)
runsystem(rm -- "main.w18")...executed.

) (/usr/local/texlive/2020/texmf-dist/tex/generic/xstring/xstring.sty
(/usr/local/texlive/2020/texmf-dist/tex/generic/xstring/xstring.tex
\integerpart=\count356
\decimalpart=\count357
)
Package: xstring 2019/02/06 v1.83 String manipulations (CT)
)
(/usr/local/texlive/2020/texmf-dist/tex/latex/framed/framed.sty
Package: framed 2011/10/22 v 0.96: framed or shaded text with page breaks
\OuterFrameSep=\skip71
\fb@frw=\dimen296
\fb@frh=\dimen297
\FrameRule=\dimen298
\FrameSep=\dimen299
)
\minted@appexistsfile=\read5
\minted@bgbox=\box84
\minted@code=\write6
\c@minted@FancyVerbLineTemp=\count358
\c@minted@pygmentizecounter=\count359
\@float@every@listing=\toks53
\c@listing=\count360
)
runsystem(mkdir -p _minted-main)...executed.

runsystem(which pygmentize && touch main.aex)...executed.

runsystem(rm main.aex)...executed.


(/usr/local/texlive/2020/texmf-dist/tex/latex/l3backend/l3backend-pdfmode.def
File: l3backend-pdfmode.def 2020-03-12 L3 backend support: PDF mode
\l__kernel_color_stack_int=\count361
\l__pdf_internal_box=\box85
)
(./main.aux
LaTeX Info: Redefining \. on input line 24.
LaTeX Info: Redefining \% on input line 24.
)
\openout1 = `main.aux'.

LaTeX Font Info:    Checking defaults for OML/cmm/m/it on input line 22.
LaTeX Font Info:    ... okay on input line 22.
LaTeX Font Info:    Checking defaults for OMS/cmsy/m/n on input line 22.
LaTeX Font Info:    ... okay on input line 22.
LaTeX Font Info:    Checking defaults for OT1/cmr/m/n on input line 22.
LaTeX Font Info:    ... okay on input line 22.
LaTeX Font Info:    Checking defaults for T1/cmr/m/n on input line 22.
LaTeX Font Info:    ... okay on input line 22.
LaTeX Font Info:    Checking defaults for TS1/cmr/m/n on input line 22.
LaTeX Font Info:    ... okay on input line 22.
LaTeX Font Info:    Checking defaults for OMX/cmex/m/n on input line 22.
LaTeX Font Info:    ... okay on input line 22.
LaTeX Font Info:    Checking defaults for U/cmr/m/n on input line 22.
LaTeX Font Info:    ... okay on input line 22.
LaTeX Font Info:    Checking defaults for PD1/pdf/m/n on input line 22.
LaTeX Font Info:    ... okay on input line 22.

*geometry* driver: auto-detecting
*geometry* detected driver: pdftex
*geometry* verbose mode - [ preamble ] result:
* driver: pdftex
* paper: custom
* layout: <same size as paper>
* layoutoffset:(h,v)=(0.0pt,0.0pt)
* modes: includehead includefoot 
* h-part:(L,W,R)=(28.45274pt, 307.28987pt, 28.45274pt)
* v-part:(T,H,B)=(0.0pt, 273.14662pt, 0.0pt)
* \paperwidth=364.19536pt
* \paperheight=273.14662pt
* \textwidth=307.28987pt
* \textheight=244.6939pt
* \oddsidemargin=-43.81725pt
* \evensidemargin=-43.81725pt
* \topmargin=-72.26999pt
* \headheight=14.22636pt
* \headsep=0.0pt
* \topskip=11.0pt
* \footskip=14.22636pt
* \marginparwidth=4.0pt
* \marginparsep=10.0pt
* \columnsep=10.0pt
* \skip\footins=10.0pt plus 4.0pt minus 2.0pt
* \hoffset=0.0pt
* \voffset=0.0pt
* \mag=1000
* \@twocolumnfalse
* \@twosidefalse
* \@mparswitchfalse
* \@reversemarginfalse
* (1in=72.27pt=25.4mm, 1cm=28.453pt)

(/usr/local/texlive/2020/texmf-dist/tex/context/base/mkii/supp-pdf.mkii
[Loading MPS to PDF converter (version 2006.09.02).]
\scratchcounter=\count362
\scratchdimen=\dimen300
\scratchbox=\box86
\nofMPsegments=\count363
\nofMParguments=\count364
\everyMPshowfont=\toks54
\MPscratchCnt=\count365
\MPscratchDim=\dimen301
\MPnumerator=\count366
\makeMPintoPDFobject=\count367
\everyMPtoPDFconversion=\toks55
) (/usr/local/texlive/2020/texmf-dist/tex/latex/epstopdf-pkg/epstopdf-base.sty
Package: epstopdf-base 2020-01-24 v2.11 Base part for package epstopdf
Package epstopdf-base Info: Redefining graphics rule for `.eps' on input line 4
85.

(/usr/local/texlive/2020/texmf-dist/tex/latex/latexconfig/epstopdf-sys.cfg
File: epstopdf-sys.cfg 2010/07/13 v1.3 Configuration of (r)epstopdf for TeX Liv
e
))
ABD: EveryShipout initializing macros
\AtBeginShipoutBox=\box87
Package hyperref Info: Link coloring OFF on input line 22.

(/usr/local/texlive/2020/texmf-dist/tex/latex/hyperref/nameref.sty
Package: nameref 2019/09/16 v2.46 Cross-referencing by name of section

(/usr/local/texlive/2020/texmf-dist/tex/latex/refcount/refcount.sty
Package: refcount 2019/12/15 v3.6 Data extraction from label references (HO)
)
(/usr/local/texlive/2020/texmf-dist/tex/generic/gettitlestring/gettitlestring.s
ty
Package: gettitlestring 2019/12/15 v1.6 Cleanup title references (HO)
)
\c@section@level=\count368
)
LaTeX Info: Redefining \ref on input line 22.
LaTeX Info: Redefining \pageref on input line 22.
LaTeX Info: Redefining \nameref on input line 22.
 (./main.out) (./main.out)
\@outlinefile=\write7
\openout7 = `main.out'.

LaTeX Font Info:    Overwriting symbol font `operators' in version `normal'
(Font)                  OT1/cmr/m/n --> OT1/cmss/m/n on input line 22.
LaTeX Font Info:    Overwriting symbol font `operators' in version `bold'
(Font)                  OT1/cmr/bx/n --> OT1/cmss/b/n on input line 22.
\symnumbers=\mathgroup6
\sympureletters=\mathgroup7
LaTeX Font Info:    Overwriting math alphabet `\mathrm' in version `normal'
(Font)                  OT1/cmss/m/n --> OT1/cmr/m/n on input line 22.
LaTeX Font Info:    Redeclaring math alphabet \mathbf on input line 22.
LaTeX Font Info:    Overwriting math alphabet `\mathbf' in version `normal'
(Font)                  OT1/cmr/bx/n --> OT1/cmss/b/n on input line 22.
LaTeX Font Info:    Overwriting math alphabet `\mathbf' in version `bold'
(Font)                  OT1/cmr/bx/n --> OT1/cmss/b/n on input line 22.
LaTeX Font Info:    Redeclaring math alphabet \mathsf on input line 22.
LaTeX Font Info:    Overwriting math alphabet `\mathsf' in version `normal'
(Font)                  OT1/cmss/m/n --> OT1/cmss/m/n on input line 22.
LaTeX Font Info:    Overwriting math alphabet `\mathsf' in version `bold'
(Font)                  OT1/cmss/bx/n --> OT1/cmss/m/n on input line 22.
LaTeX Font Info:    Redeclaring math alphabet \mathit on input line 22.
LaTeX Font Info:    Overwriting math alphabet `\mathit' in version `normal'
(Font)                  OT1/cmr/m/it --> OT1/cmss/m/it on input line 22.
LaTeX Font Info:    Overwriting math alphabet `\mathit' in version `bold'
(Font)                  OT1/cmr/bx/it --> OT1/cmss/m/it on input line 22.
LaTeX Font Info:    Redeclaring math alphabet \mathtt on input line 22.
LaTeX Font Info:    Overwriting math alphabet `\mathtt' in version `normal'
(Font)                  OT1/cmtt/m/n --> OT1/cmtt/m/n on input line 22.
LaTeX Font Info:    Overwriting math alphabet `\mathtt' in version `bold'
(Font)                  OT1/cmtt/m/n --> OT1/cmtt/m/n on input line 22.
LaTeX Font Info:    Overwriting symbol font `numbers' in version `bold'
(Font)                  OT1/cmss/m/n --> OT1/cmss/b/n on input line 22.
LaTeX Font Info:    Overwriting symbol font `pureletters' in version `bold'
(Font)                  OT1/cmss/m/it --> OT1/cmss/b/it on input line 22.
LaTeX Font Info:    Overwriting math alphabet `\mathrm' in version `bold'
(Font)                  OT1/cmss/b/n --> OT1/cmr/b/n on input line 22.
LaTeX Font Info:    Overwriting math alphabet `\mathbf' in version `bold'
(Font)                  OT1/cmss/b/n --> OT1/cmss/b/n on input line 22.
LaTeX Font Info:    Overwriting math alphabet `\mathsf' in version `bold'
(Font)                  OT1/cmss/m/n --> OT1/cmss/b/n on input line 22.
LaTeX Font Info:    Overwriting math alphabet `\mathit' in version `bold'
(Font)                  OT1/cmss/m/it --> OT1/cmss/b/it on input line 22.
LaTeX Font Info:    Overwriting math alphabet `\mathtt' in version `bold'
(Font)                  OT1/cmtt/m/n --> OT1/cmtt/b/n on input line 22.
LaTeX Font Info:    Redeclaring symbol font `pureletters' on input line 22.
LaTeX Font Info:    Overwriting symbol font `pureletters' in version `normal'
(Font)                  OT1/cmss/m/it --> OT1/mathkerncmss/m/sl on input line 2
2.
LaTeX Font Info:    Overwriting symbol font `pureletters' in version `bold'
(Font)                  OT1/cmss/b/it --> OT1/mathkerncmss/m/sl on input line 2
2.
LaTeX Font Info:    Overwriting symbol font `pureletters' in version `bold'
(Font)                  OT1/mathkerncmss/m/sl --> OT1/mathkerncmss/bx/sl on inp
ut line 22.

(/usr/local/texlive/2020/texmf-dist/tex/latex/translator/translator-basic-dicti
onary-English.dict
Dictionary: translator-basic-dictionary, Language: English 
)
(/usr/local/texlive/2020/texmf-dist/tex/latex/translator/translator-bibliograph
y-dictionary-English.dict
Dictionary: translator-bibliography-dictionary, Language: English 
)
(/usr/local/texlive/2020/texmf-dist/tex/latex/translator/translator-environment
-dictionary-English.dict
Dictionary: translator-environment-dictionary, Language: English 
)
(/usr/local/texlive/2020/texmf-dist/tex/latex/translator/translator-months-dict
ionary-English.dict
Dictionary: translator-months-dictionary, Language: English 
)
(/usr/local/texlive/2020/texmf-dist/tex/latex/translator/translator-numbers-dic
tionary-English.dict
Dictionary: translator-numbers-dictionary, Language: English 
)
(/usr/local/texlive/2020/texmf-dist/tex/latex/translator/translator-theorem-dic
tionary-English.dict
Dictionary: translator-theorem-dictionary, Language: English 
)
LaTeX Info: Redefining \. on input line 22.
LaTeX Info: Redefining \% on input line 22.

(/usr/local/texlive/2020/texmf-dist/tex/latex/base/textcomp.sty
Package: textcomp 2020/02/02 v2.0n Standard LaTeX package
)
\c@lstlisting=\count369
 (./main.nav)
[1

{/usr/local/texlive/2020/texmf-var/fonts/map/pdftex/updmap/pdftex.map}]
LaTeX Font Info:    Trying to load font information for U+msa on input line 45.


(/usr/local/texlive/2020/texmf-dist/tex/latex/amsfonts/umsa.fd
File: umsa.fd 2013/01/14 v3.01 AMS symbols A
)
LaTeX Font Info:    Trying to load font information for U+msb on input line 45.


(/usr/local/texlive/2020/texmf-dist/tex/latex/amsfonts/umsb.fd
File: umsb.fd 2013/01/14 v3.01 AMS symbols B
)
LaTeX Font Info:    Trying to load font information for OT1+mathkerncmss on inp
ut line 45.

(/usr/local/texlive/2020/texmf-dist/tex/latex/sansmathaccent/ot1mathkerncmss.fd
File: ot1mathkerncmss.fd 2020/01/31 Fontinst v1.933 font definitions for OT1/ma
thkerncmss.
) [2

] [3

]
LaTeX Font Info:    Trying to load font information for TS1+cmss on input line 
82.
 (/usr/local/texlive/2020/texmf-dist/tex/latex/base/ts1cmss.fd
File: ts1cmss.fd 2019/12/16 v2.5j Standard LaTeX font definitions
)
[4

] [5

] [6

] [7

] [8

]
\openout4 = `main.vrb'.

 (./main.vrb
\openout5 = `main.pyg'.

 (./_minted-main/default-pyg-prefix.pygstyle)
(./_minted-main/default.pygstyle)
(./_minted-main/5E0D7EEB1C25FC5714A5FEFF602E0AC6588CD8F5C5CC70B683BCB45F5C1DE98
9.pygtex
LaTeX Font Info:    Font shape `OT1/cmtt/bx/n' in size <10.95> not available
(Font)              Font shape `OT1/cmtt/m/n' tried instead on input line 2.
)
\openout5 = `main.pyg'.


(./_minted-main/9F707630B129103B57B83D6A6202E23D588CD8F5C5CC70B683BCB45F5C1DE98
9.pygtex)
\openout5 = `main.pyg'.


(./_minted-main/9F885EF1ECBF670B20BECFA68F407220588CD8F5C5CC70B683BCB45F5C1DE98
9.pygtex)
\openout5 = `main.pyg'.


(./_minted-main/1626E98E82B51A3809529F3F3AFA186E588CD8F5C5CC70B683BCB45F5C1DE98
9.pygtex)) [9

] (./main.vrb
\openout5 = `main.pyg'.


(./_minted-main/5E0D7EEB1C25FC5714A5FEFF602E0AC6588CD8F5C5CC70B683BCB45F5C1DE98
9.pygtex)
\openout5 = `main.pyg'.


(./_minted-main/9F707630B129103B57B83D6A6202E23D588CD8F5C5CC70B683BCB45F5C1DE98
9.pygtex)
\openout5 = `main.pyg'.


(./_minted-main/9F885EF1ECBF670B20BECFA68F407220588CD8F5C5CC70B683BCB45F5C1DE98
9.pygtex)
\openout5 = `main.pyg'.


(./_minted-main/1626E98E82B51A3809529F3F3AFA186E588CD8F5C5CC70B683BCB45F5C1DE98
9.pygtex)) [10

] (./main.vrb
\openout5 = `main.pyg'.


(./_minted-main/5E0D7EEB1C25FC5714A5FEFF602E0AC6588CD8F5C5CC70B683BCB45F5C1DE98
9.pygtex)
\openout5 = `main.pyg'.


(./_minted-main/9F707630B129103B57B83D6A6202E23D588CD8F5C5CC70B683BCB45F5C1DE98
9.pygtex)
\openout5 = `main.pyg'.


(./_minted-main/9F885EF1ECBF670B20BECFA68F407220588CD8F5C5CC70B683BCB45F5C1DE98
9.pygtex)
\openout5 = `main.pyg'.


(./_minted-main/1626E98E82B51A3809529F3F3AFA186E588CD8F5C5CC70B683BCB45F5C1DE98
9.pygtex)) [11

] (./main.vrb
\openout5 = `main.pyg'.


(./_minted-main/5E0D7EEB1C25FC5714A5FEFF602E0AC6588CD8F5C5CC70B683BCB45F5C1DE98
9.pygtex)
\openout5 = `main.pyg'.


(./_minted-main/9F707630B129103B57B83D6A6202E23D588CD8F5C5CC70B683BCB45F5C1DE98
9.pygtex)
\openout5 = `main.pyg'.


(./_minted-main/9F885EF1ECBF670B20BECFA68F407220588CD8F5C5CC70B683BCB45F5C1DE98
9.pygtex)
\openout5 = `main.pyg'.


(./_minted-main/1626E98E82B51A3809529F3F3AFA186E588CD8F5C5CC70B683BCB45F5C1DE98
9.pygtex)) [12

]
\openout4 = `main.vrb'.

 (./main.vrb
\openout5 = `main.pyg'.


(./_minted-main/F1F31548C00A8EC5D4A286E8300FA183588CD8F5C5CC70B683BCB45F5C1DE98
9.pygtex)
\openout5 = `main.pyg'.


(./_minted-main/E6D83E206DFA466DCE8443FE6374FF96588CD8F5C5CC70B683BCB45F5C1DE98
9.pygtex)
\openout5 = `main.pyg'.


(./_minted-main/C943DC6E5A6102B8182EC2202BC14394588CD8F5C5CC70B683BCB45F5C1DE98
9.pygtex)
\openout5 = `main.pyg'.


(./_minted-main/5172B9E3510F82AB15A8C2C80EE3CF13588CD8F5C5CC70B683BCB45F5C1DE98
9.pygtex)) [13

] (./main.vrb
\openout5 = `main.pyg'.


(./_minted-main/F1F31548C00A8EC5D4A286E8300FA183588CD8F5C5CC70B683BCB45F5C1DE98
9.pygtex)
\openout5 = `main.pyg'.


(./_minted-main/E6D83E206DFA466DCE8443FE6374FF96588CD8F5C5CC70B683BCB45F5C1DE98
9.pygtex)
\openout5 = `main.pyg'.


(./_minted-main/C943DC6E5A6102B8182EC2202BC14394588CD8F5C5CC70B683BCB45F5C1DE98
9.pygtex)
\openout5 = `main.pyg'.


(./_minted-main/5172B9E3510F82AB15A8C2C80EE3CF13588CD8F5C5CC70B683BCB45F5C1DE98
9.pygtex)) [14

] (./main.vrb
\openout5 = `main.pyg'.


(./_minted-main/F1F31548C00A8EC5D4A286E8300FA183588CD8F5C5CC70B683BCB45F5C1DE98
9.pygtex)
\openout5 = `main.pyg'.


(./_minted-main/E6D83E206DFA466DCE8443FE6374FF96588CD8F5C5CC70B683BCB45F5C1DE98
9.pygtex)
\openout5 = `main.pyg'.


(./_minted-main/C943DC6E5A6102B8182EC2202BC14394588CD8F5C5CC70B683BCB45F5C1DE98
9.pygtex)
\openout5 = `main.pyg'.


(./_minted-main/5172B9E3510F82AB15A8C2C80EE3CF13588CD8F5C5CC70B683BCB45F5C1DE98
9.pygtex)) [15

] (./main.vrb
\openout5 = `main.pyg'.


(./_minted-main/F1F31548C00A8EC5D4A286E8300FA183588CD8F5C5CC70B683BCB45F5C1DE98
9.pygtex)
\openout5 = `main.pyg'.


(./_minted-main/E6D83E206DFA466DCE8443FE6374FF96588CD8F5C5CC70B683BCB45F5C1DE98
9.pygtex)
\openout5 = `main.pyg'.


(./_minted-main/C943DC6E5A6102B8182EC2202BC14394588CD8F5C5CC70B683BCB45F5C1DE98
9.pygtex)
\openout5 = `main.pyg'.


(./_minted-main/5172B9E3510F82AB15A8C2C80EE3CF13588CD8F5C5CC70B683BCB45F5C1DE98
9.pygtex)) [16

] (./main.vrb
\openout5 = `main.pyg'.


(./_minted-main/F1F31548C00A8EC5D4A286E8300FA183588CD8F5C5CC70B683BCB45F5C1DE98
9.pygtex)
\openout5 = `main.pyg'.


(./_minted-main/E6D83E206DFA466DCE8443FE6374FF96588CD8F5C5CC70B683BCB45F5C1DE98
9.pygtex)
\openout5 = `main.pyg'.


(./_minted-main/C943DC6E5A6102B8182EC2202BC14394588CD8F5C5CC70B683BCB45F5C1DE98
9.pygtex)
\openout5 = `main.pyg'.


(./_minted-main/5172B9E3510F82AB15A8C2C80EE3CF13588CD8F5C5CC70B683BCB45F5C1DE98
9.pygtex)) [17

]
\openout4 = `main.vrb'.

 (./main.vrb
\openout5 = `main.pyg'.


(./_minted-main/42B2E2CB0277B62B6FA7C6F823D778D8588CD8F5C5CC70B683BCB45F5C1DE98
9.pygtex)
\openout5 = `main.pyg'.


(./_minted-main/3B44DB6B6378AD416FD504432901E78A588CD8F5C5CC70B683BCB45F5C1DE98
9.pygtex)
\openout5 = `main.pyg'.


(./_minted-main/CA4471619E1A8C292A619166E3150FFA588CD8F5C5CC70B683BCB45F5C1DE98
9.pygtex)
\openout5 = `main.pyg'.


(./_minted-main/7F4B84A883E71052C653B6CD65E06CBA588CD8F5C5CC70B683BCB45F5C1DE98
9.pygtex)
\openout5 = `main.pyg'.


(./_minted-main/D4823D53CB65FE7072A8C3897E7D9FB2588CD8F5C5CC70B683BCB45F5C1DE98
9.pygtex)
\openout5 = `main.pyg'.


(./_minted-main/9AD08F74AC8D515FD1450B97BEAE2C65588CD8F5C5CC70B683BCB45F5C1DE98
9.pygtex)
\openout5 = `main.pyg'.


(./_minted-main/1DA8A3150DF467F94DDD4FD83B8ED601588CD8F5C5CC70B683BCB45F5C1DE98
9.pygtex)
\openout5 = `main.pyg'.


(./_minted-main/56DED3FC2C1A237AB3B071E2BB12CD9D588CD8F5C5CC70B683BCB45F5C1DE98
9.pygtex)) [18

] (./main.vrb
\openout5 = `main.pyg'.


(./_minted-main/42B2E2CB0277B62B6FA7C6F823D778D8588CD8F5C5CC70B683BCB45F5C1DE98
9.pygtex)
\openout5 = `main.pyg'.


(./_minted-main/3B44DB6B6378AD416FD504432901E78A588CD8F5C5CC70B683BCB45F5C1DE98
9.pygtex)
\openout5 = `main.pyg'.


(./_minted-main/CA4471619E1A8C292A619166E3150FFA588CD8F5C5CC70B683BCB45F5C1DE98
9.pygtex)
\openout5 = `main.pyg'.


(./_minted-main/7F4B84A883E71052C653B6CD65E06CBA588CD8F5C5CC70B683BCB45F5C1DE98
9.pygtex)
\openout5 = `main.pyg'.


(./_minted-main/D4823D53CB65FE7072A8C3897E7D9FB2588CD8F5C5CC70B683BCB45F5C1DE98
9.pygtex)
\openout5 = `main.pyg'.


(./_minted-main/9AD08F74AC8D515FD1450B97BEAE2C65588CD8F5C5CC70B683BCB45F5C1DE98
9.pygtex)
\openout5 = `main.pyg'.


(./_minted-main/1DA8A3150DF467F94DDD4FD83B8ED601588CD8F5C5CC70B683BCB45F5C1DE98
9.pygtex)
\openout5 = `main.pyg'.


(./_minted-main/56DED3FC2C1A237AB3B071E2BB12CD9D588CD8F5C5CC70B683BCB45F5C1DE98
9.pygtex)) [19

] (./main.vrb
\openout5 = `main.pyg'.


(./_minted-main/42B2E2CB0277B62B6FA7C6F823D778D8588CD8F5C5CC70B683BCB45F5C1DE98
9.pygtex)
\openout5 = `main.pyg'.


(./_minted-main/3B44DB6B6378AD416FD504432901E78A588CD8F5C5CC70B683BCB45F5C1DE98
9.pygtex)
\openout5 = `main.pyg'.


(./_minted-main/CA4471619E1A8C292A619166E3150FFA588CD8F5C5CC70B683BCB45F5C1DE98
9.pygtex)
\openout5 = `main.pyg'.


(./_minted-main/7F4B84A883E71052C653B6CD65E06CBA588CD8F5C5CC70B683BCB45F5C1DE98
9.pygtex)
\openout5 = `main.pyg'.


(./_minted-main/D4823D53CB65FE7072A8C3897E7D9FB2588CD8F5C5CC70B683BCB45F5C1DE98
9.pygtex)
\openout5 = `main.pyg'.


(./_minted-main/9AD08F74AC8D515FD1450B97BEAE2C65588CD8F5C5CC70B683BCB45F5C1DE98
9.pygtex)
\openout5 = `main.pyg'.


(./_minted-main/1DA8A3150DF467F94DDD4FD83B8ED601588CD8F5C5CC70B683BCB45F5C1DE98
9.pygtex)
\openout5 = `main.pyg'.


(./_minted-main/56DED3FC2C1A237AB3B071E2BB12CD9D588CD8F5C5CC70B683BCB45F5C1DE98
9.pygtex)) [20

] (./main.vrb
\openout5 = `main.pyg'.


(./_minted-main/42B2E2CB0277B62B6FA7C6F823D778D8588CD8F5C5CC70B683BCB45F5C1DE98
9.pygtex)
\openout5 = `main.pyg'.


(./_minted-main/3B44DB6B6378AD416FD504432901E78A588CD8F5C5CC70B683BCB45F5C1DE98
9.pygtex)
\openout5 = `main.pyg'.


(./_minted-main/CA4471619E1A8C292A619166E3150FFA588CD8F5C5CC70B683BCB45F5C1DE98
9.pygtex)
\openout5 = `main.pyg'.


(./_minted-main/7F4B84A883E71052C653B6CD65E06CBA588CD8F5C5CC70B683BCB45F5C1DE98
9.pygtex)
\openout5 = `main.pyg'.


(./_minted-main/D4823D53CB65FE7072A8C3897E7D9FB2588CD8F5C5CC70B683BCB45F5C1DE98
9.pygtex)
\openout5 = `main.pyg'.


(./_minted-main/9AD08F74AC8D515FD1450B97BEAE2C65588CD8F5C5CC70B683BCB45F5C1DE98
9.pygtex)
\openout5 = `main.pyg'.


(./_minted-main/1DA8A3150DF467F94DDD4FD83B8ED601588CD8F5C5CC70B683BCB45F5C1DE98
9.pygtex)
\openout5 = `main.pyg'.


(./_minted-main/56DED3FC2C1A237AB3B071E2BB12CD9D588CD8F5C5CC70B683BCB45F5C1DE98
9.pygtex)) [21

] (./main.vrb
\openout5 = `main.pyg'.


(./_minted-main/42B2E2CB0277B62B6FA7C6F823D778D8588CD8F5C5CC70B683BCB45F5C1DE98
9.pygtex)
\openout5 = `main.pyg'.


(./_minted-main/3B44DB6B6378AD416FD504432901E78A588CD8F5C5CC70B683BCB45F5C1DE98
9.pygtex)
\openout5 = `main.pyg'.


(./_minted-main/CA4471619E1A8C292A619166E3150FFA588CD8F5C5CC70B683BCB45F5C1DE98
9.pygtex)
\openout5 = `main.pyg'.


(./_minted-main/7F4B84A883E71052C653B6CD65E06CBA588CD8F5C5CC70B683BCB45F5C1DE98
9.pygtex)
\openout5 = `main.pyg'.


(./_minted-main/D4823D53CB65FE7072A8C3897E7D9FB2588CD8F5C5CC70B683BCB45F5C1DE98
9.pygtex)
\openout5 = `main.pyg'.


(./_minted-main/9AD08F74AC8D515FD1450B97BEAE2C65588CD8F5C5CC70B683BCB45F5C1DE98
9.pygtex)
\openout5 = `main.pyg'.


(./_minted-main/1DA8A3150DF467F94DDD4FD83B8ED601588CD8F5C5CC70B683BCB45F5C1DE98
9.pygtex)
\openout5 = `main.pyg'.


(./_minted-main/56DED3FC2C1A237AB3B071E2BB12CD9D588CD8F5C5CC70B683BCB45F5C1DE98
9.pygtex)) [22

] (./main.vrb
\openout5 = `main.pyg'.


(./_minted-main/42B2E2CB0277B62B6FA7C6F823D778D8588CD8F5C5CC70B683BCB45F5C1DE98
9.pygtex)
\openout5 = `main.pyg'.


(./_minted-main/3B44DB6B6378AD416FD504432901E78A588CD8F5C5CC70B683BCB45F5C1DE98
9.pygtex)
\openout5 = `main.pyg'.


(./_minted-main/CA4471619E1A8C292A619166E3150FFA588CD8F5C5CC70B683BCB45F5C1DE98
9.pygtex)
\openout5 = `main.pyg'.


(./_minted-main/7F4B84A883E71052C653B6CD65E06CBA588CD8F5C5CC70B683BCB45F5C1DE98
9.pygtex)
\openout5 = `main.pyg'.


(./_minted-main/D4823D53CB65FE7072A8C3897E7D9FB2588CD8F5C5CC70B683BCB45F5C1DE98
9.pygtex)
\openout5 = `main.pyg'.


(./_minted-main/9AD08F74AC8D515FD1450B97BEAE2C65588CD8F5C5CC70B683BCB45F5C1DE98
9.pygtex)
\openout5 = `main.pyg'.


(./_minted-main/1DA8A3150DF467F94DDD4FD83B8ED601588CD8F5C5CC70B683BCB45F5C1DE98
9.pygtex)
\openout5 = `main.pyg'.


(./_minted-main/56DED3FC2C1A237AB3B071E2BB12CD9D588CD8F5C5CC70B683BCB45F5C1DE98
9.pygtex)) [23

] (./main.vrb
\openout5 = `main.pyg'.


(./_minted-main/42B2E2CB0277B62B6FA7C6F823D778D8588CD8F5C5CC70B683BCB45F5C1DE98
9.pygtex)
\openout5 = `main.pyg'.


(./_minted-main/3B44DB6B6378AD416FD504432901E78A588CD8F5C5CC70B683BCB45F5C1DE98
9.pygtex)
\openout5 = `main.pyg'.


(./_minted-main/CA4471619E1A8C292A619166E3150FFA588CD8F5C5CC70B683BCB45F5C1DE98
9.pygtex)
\openout5 = `main.pyg'.


(./_minted-main/7F4B84A883E71052C653B6CD65E06CBA588CD8F5C5CC70B683BCB45F5C1DE98
9.pygtex)
\openout5 = `main.pyg'.


(./_minted-main/D4823D53CB65FE7072A8C3897E7D9FB2588CD8F5C5CC70B683BCB45F5C1DE98
9.pygtex)
\openout5 = `main.pyg'.


(./_minted-main/9AD08F74AC8D515FD1450B97BEAE2C65588CD8F5C5CC70B683BCB45F5C1DE98
9.pygtex)
\openout5 = `main.pyg'.


(./_minted-main/1DA8A3150DF467F94DDD4FD83B8ED601588CD8F5C5CC70B683BCB45F5C1DE98
9.pygtex)
\openout5 = `main.pyg'.


(./_minted-main/56DED3FC2C1A237AB3B071E2BB12CD9D588CD8F5C5CC70B683BCB45F5C1DE98
9.pygtex)) [24

] (./main.vrb
\openout5 = `main.pyg'.


(./_minted-main/42B2E2CB0277B62B6FA7C6F823D778D8588CD8F5C5CC70B683BCB45F5C1DE98
9.pygtex)
\openout5 = `main.pyg'.


(./_minted-main/3B44DB6B6378AD416FD504432901E78A588CD8F5C5CC70B683BCB45F5C1DE98
9.pygtex)
\openout5 = `main.pyg'.


(./_minted-main/CA4471619E1A8C292A619166E3150FFA588CD8F5C5CC70B683BCB45F5C1DE98
9.pygtex)
\openout5 = `main.pyg'.


(./_minted-main/7F4B84A883E71052C653B6CD65E06CBA588CD8F5C5CC70B683BCB45F5C1DE98
9.pygtex)
\openout5 = `main.pyg'.


(./_minted-main/D4823D53CB65FE7072A8C3897E7D9FB2588CD8F5C5CC70B683BCB45F5C1DE98
9.pygtex)
\openout5 = `main.pyg'.


(./_minted-main/9AD08F74AC8D515FD1450B97BEAE2C65588CD8F5C5CC70B683BCB45F5C1DE98
9.pygtex)
\openout5 = `main.pyg'.


(./_minted-main/1DA8A3150DF467F94DDD4FD83B8ED601588CD8F5C5CC70B683BCB45F5C1DE98
9.pygtex)
\openout5 = `main.pyg'.


(./_minted-main/56DED3FC2C1A237AB3B071E2BB12CD9D588CD8F5C5CC70B683BCB45F5C1DE98
9.pygtex)) [25

] (./main.vrb
\openout5 = `main.pyg'.


(./_minted-main/42B2E2CB0277B62B6FA7C6F823D778D8588CD8F5C5CC70B683BCB45F5C1DE98
9.pygtex)
\openout5 = `main.pyg'.


(./_minted-main/3B44DB6B6378AD416FD504432901E78A588CD8F5C5CC70B683BCB45F5C1DE98
9.pygtex)
\openout5 = `main.pyg'.


(./_minted-main/CA4471619E1A8C292A619166E3150FFA588CD8F5C5CC70B683BCB45F5C1DE98
9.pygtex)
\openout5 = `main.pyg'.


(./_minted-main/7F4B84A883E71052C653B6CD65E06CBA588CD8F5C5CC70B683BCB45F5C1DE98
9.pygtex)
\openout5 = `main.pyg'.


(./_minted-main/D4823D53CB65FE7072A8C3897E7D9FB2588CD8F5C5CC70B683BCB45F5C1DE98
9.pygtex)
\openout5 = `main.pyg'.


(./_minted-main/9AD08F74AC8D515FD1450B97BEAE2C65588CD8F5C5CC70B683BCB45F5C1DE98
9.pygtex)
\openout5 = `main.pyg'.


(./_minted-main/1DA8A3150DF467F94DDD4FD83B8ED601588CD8F5C5CC70B683BCB45F5C1DE98
9.pygtex)
\openout5 = `main.pyg'.


(./_minted-main/56DED3FC2C1A237AB3B071E2BB12CD9D588CD8F5C5CC70B683BCB45F5C1DE98
9.pygtex)) [26

] (./main.vrb
\openout5 = `main.pyg'.


(./_minted-main/42B2E2CB0277B62B6FA7C6F823D778D8588CD8F5C5CC70B683BCB45F5C1DE98
9.pygtex)
\openout5 = `main.pyg'.


(./_minted-main/3B44DB6B6378AD416FD504432901E78A588CD8F5C5CC70B683BCB45F5C1DE98
9.pygtex)
\openout5 = `main.pyg'.


(./_minted-main/CA4471619E1A8C292A619166E3150FFA588CD8F5C5CC70B683BCB45F5C1DE98
9.pygtex)
\openout5 = `main.pyg'.


(./_minted-main/7F4B84A883E71052C653B6CD65E06CBA588CD8F5C5CC70B683BCB45F5C1DE98
9.pygtex)
\openout5 = `main.pyg'.


(./_minted-main/D4823D53CB65FE7072A8C3897E7D9FB2588CD8F5C5CC70B683BCB45F5C1DE98
9.pygtex)
\openout5 = `main.pyg'.


(./_minted-main/9AD08F74AC8D515FD1450B97BEAE2C65588CD8F5C5CC70B683BCB45F5C1DE98
9.pygtex)
\openout5 = `main.pyg'.


(./_minted-main/1DA8A3150DF467F94DDD4FD83B8ED601588CD8F5C5CC70B683BCB45F5C1DE98
9.pygtex)
\openout5 = `main.pyg'.


(./_minted-main/56DED3FC2C1A237AB3B071E2BB12CD9D588CD8F5C5CC70B683BCB45F5C1DE98
9.pygtex)) [27

]
\openout4 = `main.vrb'.

 (./main.vrb
\openout5 = `main.pyg'.


(./_minted-main/1383C31FB776B943E1FD34C25E38FFD0588CD8F5C5CC70B683BCB45F5C1DE98
9.pygtex)
\openout5 = `main.pyg'.


(./_minted-main/6DE4C8F06E357BE344A3F8F6098D3DEA588CD8F5C5CC70B683BCB45F5C1DE98
9.pygtex)
\openout5 = `main.pyg'.


(./_minted-main/984333FFEF3F8ACBB74E57128497C34B588CD8F5C5CC70B683BCB45F5C1DE98
9.pygtex)
\openout5 = `main.pyg'.


(./_minted-main/2D3F4E918A704FA1EF040126726A529D588CD8F5C5CC70B683BCB45F5C1DE98
9.pygtex)
\openout5 = `main.pyg'.


(./_minted-main/BB91E2B7209BBB3666DA7EA5BC62725B588CD8F5C5CC70B683BCB45F5C1DE98
9.pygtex)) [28

] (./main.vrb
\openout5 = `main.pyg'.


(./_minted-main/1383C31FB776B943E1FD34C25E38FFD0588CD8F5C5CC70B683BCB45F5C1DE98
9.pygtex)
\openout5 = `main.pyg'.


(./_minted-main/6DE4C8F06E357BE344A3F8F6098D3DEA588CD8F5C5CC70B683BCB45F5C1DE98
9.pygtex)
\openout5 = `main.pyg'.


(./_minted-main/984333FFEF3F8ACBB74E57128497C34B588CD8F5C5CC70B683BCB45F5C1DE98
9.pygtex)
\openout5 = `main.pyg'.


(./_minted-main/2D3F4E918A704FA1EF040126726A529D588CD8F5C5CC70B683BCB45F5C1DE98
9.pygtex)
\openout5 = `main.pyg'.


(./_minted-main/BB91E2B7209BBB3666DA7EA5BC62725B588CD8F5C5CC70B683BCB45F5C1DE98
9.pygtex)) [29

] (./main.vrb
\openout5 = `main.pyg'.


(./_minted-main/1383C31FB776B943E1FD34C25E38FFD0588CD8F5C5CC70B683BCB45F5C1DE98
9.pygtex)
\openout5 = `main.pyg'.


(./_minted-main/6DE4C8F06E357BE344A3F8F6098D3DEA588CD8F5C5CC70B683BCB45F5C1DE98
9.pygtex)
\openout5 = `main.pyg'.


(./_minted-main/984333FFEF3F8ACBB74E57128497C34B588CD8F5C5CC70B683BCB45F5C1DE98
9.pygtex)
\openout5 = `main.pyg'.


(./_minted-main/2D3F4E918A704FA1EF040126726A529D588CD8F5C5CC70B683BCB45F5C1DE98
9.pygtex)
\openout5 = `main.pyg'.


(./_minted-main/BB91E2B7209BBB3666DA7EA5BC62725B588CD8F5C5CC70B683BCB45F5C1DE98
9.pygtex)) [30

] (./main.vrb
\openout5 = `main.pyg'.


(./_minted-main/1383C31FB776B943E1FD34C25E38FFD0588CD8F5C5CC70B683BCB45F5C1DE98
9.pygtex)
\openout5 = `main.pyg'.


(./_minted-main/6DE4C8F06E357BE344A3F8F6098D3DEA588CD8F5C5CC70B683BCB45F5C1DE98
9.pygtex)
\openout5 = `main.pyg'.


(./_minted-main/984333FFEF3F8ACBB74E57128497C34B588CD8F5C5CC70B683BCB45F5C1DE98
9.pygtex)
\openout5 = `main.pyg'.


(./_minted-main/2D3F4E918A704FA1EF040126726A529D588CD8F5C5CC70B683BCB45F5C1DE98
9.pygtex)
\openout5 = `main.pyg'.


(./_minted-main/BB91E2B7209BBB3666DA7EA5BC62725B588CD8F5C5CC70B683BCB45F5C1DE98
9.pygtex)) [31

] (./main.vrb
\openout5 = `main.pyg'.


(./_minted-main/1383C31FB776B943E1FD34C25E38FFD0588CD8F5C5CC70B683BCB45F5C1DE98
9.pygtex)
\openout5 = `main.pyg'.


(./_minted-main/6DE4C8F06E357BE344A3F8F6098D3DEA588CD8F5C5CC70B683BCB45F5C1DE98
9.pygtex)
\openout5 = `main.pyg'.


(./_minted-main/984333FFEF3F8ACBB74E57128497C34B588CD8F5C5CC70B683BCB45F5C1DE98
9.pygtex)
\openout5 = `main.pyg'.


(./_minted-main/2D3F4E918A704FA1EF040126726A529D588CD8F5C5CC70B683BCB45F5C1DE98
9.pygtex)
\openout5 = `main.pyg'.


(./_minted-main/BB91E2B7209BBB3666DA7EA5BC62725B588CD8F5C5CC70B683BCB45F5C1DE98
9.pygtex)) [32

]
\openout4 = `main.vrb'.

 (./main.vrb
\openout5 = `main.pyg'.


(./_minted-main/5E8CBB431ED410321A5EC7B673B87552588CD8F5C5CC70B683BCB45F5C1DE98
9.pygtex)) [33

]
\openout4 = `main.vrb'.

 (./main.vrb
\openout5 = `main.pyg'.


(./_minted-main/D25955A7E5407B4ACEB7BC837865264A588CD8F5C5CC70B683BCB45F5C1DE98
9.pygtex)
\openout5 = `main.pyg'.


(./_minted-main/F272ED4F3DD869E944D2568436A85472588CD8F5C5CC70B683BCB45F5C1DE98
9.pygtex)
\openout5 = `main.pyg'.


(./_minted-main/2835B008D5134B219E53B421828934B0588CD8F5C5CC70B683BCB45F5C1DE98
9.pygtex)) [34

] (./main.vrb
\openout5 = `main.pyg'.


(./_minted-main/D25955A7E5407B4ACEB7BC837865264A588CD8F5C5CC70B683BCB45F5C1DE98
9.pygtex)
\openout5 = `main.pyg'.


(./_minted-main/F272ED4F3DD869E944D2568436A85472588CD8F5C5CC70B683BCB45F5C1DE98
9.pygtex)
\openout5 = `main.pyg'.


(./_minted-main/2835B008D5134B219E53B421828934B0588CD8F5C5CC70B683BCB45F5C1DE98
9.pygtex)) [35

] (./main.vrb
\openout5 = `main.pyg'.


(./_minted-main/D25955A7E5407B4ACEB7BC837865264A588CD8F5C5CC70B683BCB45F5C1DE98
9.pygtex)
\openout5 = `main.pyg'.


(./_minted-main/F272ED4F3DD869E944D2568436A85472588CD8F5C5CC70B683BCB45F5C1DE98
9.pygtex)
\openout5 = `main.pyg'.


(./_minted-main/2835B008D5134B219E53B421828934B0588CD8F5C5CC70B683BCB45F5C1DE98
9.pygtex)) [36

] [37

]
\tf@nav=\write8
\openout8 = `main.nav'.

\tf@toc=\write9
\openout9 = `main.toc'.

\tf@snm=\write10
\openout10 = `main.snm'.

Package atveryend Info: Empty hook `BeforeClearDocument' on input line 551.
Package atveryend Info: Empty hook `AfterLastShipout' on input line 551.
 (./main.aux
LaTeX Info: Redefining \. on input line 24.
LaTeX Info: Redefining \% on input line 24.
)
Package atveryend Info: Executing hook `AtVeryEndDocument' on input line 551.
Package atveryend Info: Executing hook `AtEndAfterFileList' on input line 551.
Package rerunfilecheck Info: File `main.out' has not changed.
(rerunfilecheck)             Checksum: D41D8CD98F00B204E9800998ECF8427E;0.
runsystem(rm main.pyg)...executed.

 ) 
Here is how much of TeX's memory you used:
 24482 strings out of 480608
 484256 string characters out of 5903630
 791836 words of memory out of 5000000
 39355 multiletter control sequences out of 15000+600000
 547830 words of font info for 80 fonts, out of 8000000 for 9000
 1141 hyphenation exceptions out of 8191
 58i,11n,67p,771b,759s stack positions out of 5000i,500n,10000p,200000b,80000s
{/usr/local/texlive/2020/texmf-dist/fonts/enc/dvips/cm-super/cm-super-ts1.enc
}</usr/local/texlive/2020/texmf-dist/fonts/type1/public/amsfonts/cm/cmss10.pfb>
</usr/local/texlive/2020/texmf-dist/fonts/type1/public/amsfonts/cm/cmss12.pfb><
/usr/local/texlive/2020/texmf-dist/fonts/type1/public/amsfonts/cm/cmss8.pfb></u
sr/local/texlive/2020/texmf-dist/fonts/type1/public/amsfonts/cm/cmss9.pfb></usr
/local/texlive/2020/texmf-dist/fonts/type1/public/amsfonts/cm/cmssi10.pfb></usr
/local/texlive/2020/texmf-dist/fonts/type1/public/amsfonts/cm/cmssi8.pfb></usr/
local/texlive/2020/texmf-dist/fonts/type1/public/amsfonts/cm/cmsy10.pfb></usr/l
ocal/texlive/2020/texmf-dist/fonts/type1/public/amsfonts/cm/cmtt10.pfb></usr/lo
cal/texlive/2020/texmf-dist/fonts/type1/public/amsfonts/cm/cmtt12.pfb></usr/loc
al/texlive/2020/texmf-dist/fonts/type1/public/cm-super/sfss1095.pfb>
Output written on main.pdf (37 pages, 133707 bytes).
PDF statistics:
 271 PDF objects out of 1000 (max. 8388607)
 213 compressed objects within 3 object streams
 75 named destinations out of 1000 (max. 500000)
 43 words of extra memory for PDF output out of 10000 (max. 10000000)

